build/outputs/logs/manifest-merger-debug-report.txt
-- Merging decision tree log ---
manifest
ADDED from trunk\AndroidManifest.xml:2:1-105:12
	package
		ADDED from trunk\AndroidManifest.xml:3:5-29
	android:versionName
		ADDED from trunk\AndroidManifest.xml:5:5-35
		INJECTED from trunk\AndroidManifest.xml
		INJECTED from trunk\AndroidManifest.xml
	android:versionCode
		ADDED from trunk\AndroidManifest.xml:4:5-35
		INJECTED from trunk\AndroidManifest.xml
		INJECTED from trunk\AndroidManifest.xml
	xmlns:android
		ADDED from trunk\AndroidManifest.xml:2:11-69
uses-sdk
ADDED from trunk\AndroidManifest.xml:7:3-9:41
	android:targetSdkVersion
		ADDED from trunk\AndroidManifest.xml:9:9-38
	android:minSdkVersion
		ADDED from trunk\AndroidManifest.xml:8:9-35
uses-permission#android.permission.READ_PHONE_STATE
ADDED from trunk\AndroidManifest.xml:11:5-75
	android:name
		ADDED from trunk\AndroidManifest.xml:11:22-72
uses-permission#android.permission.USES_POLICY_FORCE_LOCK
ADDED from trunk\AndroidManifest.xml:12:5-81
	android:name
		ADDED from trunk\AndroidManifest.xml:12:22-78
uses-permission#android.permission.DISABLE_KEYGUARD
ADDED from trunk\AndroidManifest.xml:13:5-75
	android:name
		ADDED from trunk\AndroidManifest.xml:13:22-72
uses-permission#android.permission.DEVICE_POWER
ADDED from trunk\AndroidManifest.xml:14:5-71
	android:name
		ADDED from trunk\AndroidManifest.xml:14:22-68
uses-permission#android.permission.WAKE_LOCK
ADDED from trunk\AndroidManifest.xml:15:5-68
	android:name
		ADDED from trunk\AndroidManifest.xml:15:22-65
uses-permission#android.permission.RECEIVE_BOOT_COMPLETED
ADDED from trunk\AndroidManifest.xml:16:5-81
	android:name
		ADDED from trunk\AndroidManifest.xml:16:22-78
uses-permission#android.permission.WRITE_EXTERNAL_STORAGE
ADDED from trunk\AndroidManifest.xml:17:5-81
	android:name
		ADDED from trunk\AndroidManifest.xml:17:22-78
uses-permission#android.permission.WRITE_SETTINGS
ADDED from trunk\AndroidManifest.xml:18:5-73
	android:name
		ADDED from trunk\AndroidManifest.xml:18:22-70
uses-permission#android.permission.READ_EXTERNAL_STORAGE
ADDED from trunk\AndroidManifest.xml:19:5-80
	android:name
		ADDED from trunk\AndroidManifest.xml:19:22-77
uses-permission#android.permission.MOUNT_UNMOUNT_FILESYSTEMS
ADDED from trunk\AndroidManifest.xml:20:5-84
	android:name
		ADDED from trunk\AndroidManifest.xml:20:22-81
uses-permission#android.permission.CHANGE_NETWORK_STATE
ADDED from trunk\AndroidManifest.xml:22:5-79
	android:name
		ADDED from trunk\AndroidManifest.xml:22:22-76
uses-permission#android.permission.INTERNET
ADDED from trunk\AndroidManifest.xml:23:5-67
	android:name
		ADDED from trunk\AndroidManifest.xml:23:22-64
uses-permission#android.permission.CHANGE_WIFI_STATE
ADDED from trunk\AndroidManifest.xml:24:5-76
	android:name
		ADDED from trunk\AndroidManifest.xml:24:22-73
uses-permission#android.permission.ACCESS_NETWORK_STATE
ADDED from trunk\AndroidManifest.xml:25:5-79
	android:name
		ADDED from trunk\AndroidManifest.xml:25:22-76
uses-permission#android.permission.ACCESS_WIFI_STATE
ADDED from trunk\AndroidManifest.xml:26:5-76
	android:name
		ADDED from trunk\AndroidManifest.xml:26:22-73
uses-permission#android.permission.ACCESS_COARSE_LOCATION
ADDED from trunk\AndroidManifest.xml:27:5-81
	android:name
		ADDED from trunk\AndroidManifest.xml:27:22-78
uses-permission#android.permission.ACCESS_FINE_LOCATION
ADDED from trunk\AndroidManifest.xml:28:5-79
	android:name
		ADDED from trunk\AndroidManifest.xml:28:22-76
uses-permission#android.permission.RESTART_PACKAGES
ADDED from trunk\AndroidManifest.xml:30:5-75
	android:name
		ADDED from trunk\AndroidManifest.xml:30:22-72
uses-permission#android.permission.SYSTEM_ALERT_WINDOW
ADDED from trunk\AndroidManifest.xml:31:5-78
	android:name
		ADDED from trunk\AndroidManifest.xml:31:22-75
uses-permission#android.permission.MODIFY_AUDIO_SETTINGS
ADDED from trunk\AndroidManifest.xml:32:5-79
	android:name
		ADDED from trunk\AndroidManifest.xml:32:22-77
uses-permission#android.permission.READ_LOGS
ADDED from trunk\AndroidManifest.xml:36:5-37:23
	android:name
		ADDED from trunk\AndroidManifest.xml:36:22-65
uses-permission#android.permission.VIBRATE
ADDED from trunk\AndroidManifest.xml:38:5-66
	android:name
		ADDED from trunk\AndroidManifest.xml:38:22-63
uses-feature#android.hardware.usb.host
ADDED from trunk\AndroidManifest.xml:40:5-42:35
	android:required
		ADDED from trunk\AndroidManifest.xml:42:9-32
	android:name
		ADDED from trunk\AndroidManifest.xml:41:9-49
application
ADDED from trunk\AndroidManifest.xml:45:5-103:19
	android:label
		ADDED from trunk\AndroidManifest.xml:49:9-41
	android:allowBackup
		ADDED from trunk\AndroidManifest.xml:47:9-35
	android:icon
		ADDED from trunk\AndroidManifest.xml:48:9-40
	android:largeHeap
		ADDED from trunk\AndroidManifest.xml:50:9-33
	android:theme
		ADDED from trunk\AndroidManifest.xml:51:9-40
	android:name
		ADDED from trunk\AndroidManifest.xml:46:8-60
service#com.baidu.location.f
ADDED from trunk\AndroidManifest.xml:53:7-61:19
	android:enabled
		ADDED from trunk\AndroidManifest.xml:55:13-35
	android:process
		ADDED from trunk\AndroidManifest.xml:56:13-38
	android:name
		ADDED from trunk\AndroidManifest.xml:54:13-48
intent-filter#com.baidu.location.service_v2.2
ADDED from trunk\AndroidManifest.xml:57:13-60:29
action#com.baidu.location.service_v2.2
ADDED from trunk\AndroidManifest.xml:58:17-59:26
	android:name
		ADDED from trunk\AndroidManifest.xml:58:25-71
meta-data#com.baidu.lbsapi.API_KEY
ADDED from trunk\AndroidManifest.xml:62:9-64:64
	android:value
		ADDED from trunk\AndroidManifest.xml:64:13-61
	android:name
		ADDED from trunk\AndroidManifest.xml:63:13-52
activity#com.mzj.scale_app.MainActivity
ADDED from trunk\AndroidManifest.xml:67:9-78:20
	android:label
		ADDED from trunk\AndroidManifest.xml:69:13-45
	android:launchMode
		ADDED from trunk\AndroidManifest.xml:70:13-43
	android:configChanges
		ADDED from trunk\AndroidManifest.xml:71:13-82
	android:name
		ADDED from trunk\AndroidManifest.xml:68:13-58
intent-filter#android.intent.action.MAIN+android.intent.category.LAUNCHER
ADDED from trunk\AndroidManifest.xml:72:13-77:29
action#android.intent.action.MAIN
ADDED from trunk\AndroidManifest.xml:73:17-69
	android:name
		ADDED from trunk\AndroidManifest.xml:73:25-66
category#android.intent.category.LAUNCHER
ADDED from trunk\AndroidManifest.xml:76:17-77
	android:name
		ADDED from trunk\AndroidManifest.xml:76:27-74
activity#com.mzj.scale_app.DeskActivity
ADDED from trunk\AndroidManifest.xml:80:10-87:20
	android:screenOrientation
		ADDED from trunk\AndroidManifest.xml:83:13-50
	android:label
		ADDED from trunk\AndroidManifest.xml:82:13-45
	android:launchMode
		ADDED from trunk\AndroidManifest.xml:85:13-44
	android:configChanges
		ADDED from trunk\AndroidManifest.xml:84:14-64
	android:theme
		ADDED from trunk\AndroidManifest.xml:86:13-71
	android:name
		ADDED from trunk\AndroidManifest.xml:81:13-58
receiver#com.mzj.broadcast.UpdateBroadcastReceiver
ADDED from trunk\AndroidManifest.xml:88:9-94:20
	android:name
		ADDED from trunk\AndroidManifest.xml:88:19-75
intent-filter#android.intent.action.PACKAGE_REPLACED
ADDED from trunk\AndroidManifest.xml:89:13-93:29
action#android.intent.action.PACKAGE_REPLACED
ADDED from trunk\AndroidManifest.xml:90:17-81
	android:name
		ADDED from trunk\AndroidManifest.xml:90:25-78
data
ADDED from trunk\AndroidManifest.xml:92:17-50
	android:scheme
		ADDED from trunk\AndroidManifest.xml:92:23-47
receiver#com.mzj.broadcast.BootBroadcastReceiver
ADDED from trunk\AndroidManifest.xml:95:9-101:20
	android:name
		ADDED from trunk\AndroidManifest.xml:95:19-73
intent-filter#android.intent.action.BOOT_COMPLETED+android.intent.category.HOME
ADDED from trunk\AndroidManifest.xml:96:13-100:29
action#android.intent.action.BOOT_COMPLETED
ADDED from trunk\AndroidManifest.xml:97:17-79
	android:name
		ADDED from trunk\AndroidManifest.xml:97:25-76
category#android.intent.category.HOME
ADDED from trunk\AndroidManifest.xml:99:17-73
	android:name
		ADDED from trunk\AndroidManifest.xml:99:27-70